Determining if the pthread_create exist failed with the following output:
Change Dir: /home/aibee/ros-navigation_workspace/cartographer_navigation/protobuf/cmake/CMakeFiles/CMakeTmp

Run Build Command:"/usr/bin/ninja" "cmTC_c2a2f"
[1/2] Building C object CMakeFiles/cmTC_c2a2f.dir/CheckSymbolExists.c.o
[2/2] Linking C executable cmTC_c2a2f
FAILED: : && /usr/bin/cc     CMakeFiles/cmTC_c2a2f.dir/CheckSymbolExists.c.o  -o cmTC_c2a2f  -rdynamic && :
CMakeFiles/cmTC_c2a2f.dir/CheckSymbolExists.c.o: In function `main':
CheckSymbolExists.c:(.text+0x1b): undefined reference to `pthread_create'
collect2: error: ld returned 1 exit status
ninja: build stopped: subcommand failed.

File /home/aibee/ros-navigation_workspace/cartographer_navigation/protobuf/cmake/CMakeFiles/CMakeTmp/CheckSymbolExists.c:
/* */
#include <pthread.h>

int main(int argc, char** argv)
{
  (void)argv;
#ifndef pthread_create
  return ((int*)(&pthread_create))[argc];
#else
  (void)argc;
  return 0;
#endif
}

Determining if the function pthread_create exists in the pthreads failed with the following output:
Change Dir: /home/aibee/ros-navigation_workspace/cartographer_navigation/protobuf/cmake/CMakeFiles/CMakeTmp

Run Build Command:"/usr/bin/ninja" "cmTC_1a358"
[1/2] Building C object CMakeFiles/cmTC_1a358.dir/CheckFunctionExists.c.o
[2/2] Linking C executable cmTC_1a358
FAILED: : && /usr/bin/cc  -DCHECK_FUNCTION_EXISTS=pthread_create   CMakeFiles/cmTC_1a358.dir/CheckFunctionExists.c.o  -o cmTC_1a358  -rdynamic -lpthreads && :
/usr/bin/ld: cannot find -lpthreads
collect2: error: ld returned 1 exit status
ninja: build stopped: subcommand failed.


