Determining if the pthread_create exist failed with the following output:
Change Dir: /home/ubuntu/coding/test/myrotot_simulation/build/CMakeFiles/CMakeTmp

Run Build Command:"/usr/bin/make" "cmTC_5afdb/fast"
/usr/bin/make -f CMakeFiles/cmTC_5afdb.dir/build.make CMakeFiles/cmTC_5afdb.dir/build
make[1]: Entering directory '/home/ubuntu/coding/test/myrotot_simulation/build/CMakeFiles/CMakeTmp'
Building C object CMakeFiles/cmTC_5afdb.dir/CheckSymbolExists.c.o
/usr/bin/cc     -o CMakeFiles/cmTC_5afdb.dir/CheckSymbolExists.c.o   -c /home/ubuntu/coding/test/myrotot_simulation/build/CMakeFiles/CMakeTmp/CheckSymbolExists.c
Linking C executable cmTC_5afdb
/usr/bin/cmake -E cmake_link_script CMakeFiles/cmTC_5afdb.dir/link.txt --verbose=1
/usr/bin/cc       CMakeFiles/cmTC_5afdb.dir/CheckSymbolExists.c.o  -o cmTC_5afdb -rdynamic 
CMakeFiles/cmTC_5afdb.dir/CheckSymbolExists.c.o: In function `main':
CheckSymbolExists.c:(.text+0x16): undefined reference to `pthread_create'
collect2: error: ld returned 1 exit status
CMakeFiles/cmTC_5afdb.dir/build.make:97: recipe for target 'cmTC_5afdb' failed
make[1]: *** [cmTC_5afdb] Error 1
make[1]: Leaving directory '/home/ubuntu/coding/test/myrotot_simulation/build/CMakeFiles/CMakeTmp'
Makefile:126: recipe for target 'cmTC_5afdb/fast' failed
make: *** [cmTC_5afdb/fast] Error 2

File /home/ubuntu/coding/test/myrotot_simulation/build/CMakeFiles/CMakeTmp/CheckSymbolExists.c:
/* */
#include <pthread.h>

int main(int argc, char** argv)
{
  (void)argv;
#ifndef pthread_create
  return ((int*)(&pthread_create))[argc];
#else
  (void)argc;
  return 0;
#endif
}

Determining if the function pthread_create exists in the pthreads failed with the following output:
Change Dir: /home/ubuntu/coding/test/myrotot_simulation/build/CMakeFiles/CMakeTmp

Run Build Command:"/usr/bin/make" "cmTC_953ed/fast"
/usr/bin/make -f CMakeFiles/cmTC_953ed.dir/build.make CMakeFiles/cmTC_953ed.dir/build
make[1]: Entering directory '/home/ubuntu/coding/test/myrotot_simulation/build/CMakeFiles/CMakeTmp'
Building C object CMakeFiles/cmTC_953ed.dir/CheckFunctionExists.c.o
/usr/bin/cc    -DCHECK_FUNCTION_EXISTS=pthread_create   -o CMakeFiles/cmTC_953ed.dir/CheckFunctionExists.c.o   -c /usr/share/cmake-3.5/Modules/CheckFunctionExists.c
Linking C executable cmTC_953ed
/usr/bin/cmake -E cmake_link_script CMakeFiles/cmTC_953ed.dir/link.txt --verbose=1
/usr/bin/cc   -DCHECK_FUNCTION_EXISTS=pthread_create    CMakeFiles/cmTC_953ed.dir/CheckFunctionExists.c.o  -o cmTC_953ed -rdynamic -lpthreads 
/usr/bin/ld: cannot find -lpthreads
collect2: error: ld returned 1 exit status
CMakeFiles/cmTC_953ed.dir/build.make:97: recipe for target 'cmTC_953ed' failed
make[1]: *** [cmTC_953ed] Error 1
make[1]: Leaving directory '/home/ubuntu/coding/test/myrotot_simulation/build/CMakeFiles/CMakeTmp'
Makefile:126: recipe for target 'cmTC_953ed/fast' failed
make: *** [cmTC_953ed/fast] Error 2


